2022-01-21 11:48:37:4837 - [32minfo[39m - [32mServer is running on: http://localhost:8000/[39m
2022-01-21 11:50:38:5038 - [32minfo[39m - [32mDB Conectado[39m
2022-01-21 11:50:38:5038 - [32minfo[39m - [32mServer is running on: http://localhost:8000/[39m
2022-01-21 11:51:41:5141 - [32minfo[39m - [32mDB Conectado[39m
2022-01-21 11:51:41:5141 - [32minfo[39m - [32mServer is running on: http://localhost:8000/[39m
2022-01-21 12:09:37:937 - [32minfo[39m - [32mDB Conectado[39m
2022-01-21 12:09:37:937 - [32minfo[39m - [32mServer is running on: http://localhost:8000/[39m
2022-01-21 12:10:22:1022 - [32minfo[39m - [32mDB Conectado[39m
2022-01-21 12:10:22:1022 - [32minfo[39m - [32mServer is running on: http://localhost:8000/[39m
2022-01-21 12:14:22:1422 - [35mhttp[39m - [35mGET /api/test 200 - - 15.161 ms[39m
[35m[39m
2022-01-21 12:15:34:1534 - [32minfo[39m - [32mDB Conectado[39m
2022-01-21 12:15:34:1534 - [32minfo[39m - [32mServer is running on: http://localhost:8000/[39m
2022-01-21 12:15:37:1537 - [32minfo[39m - [32mTeste OK[39m
2022-01-21 12:15:37:1537 - [35mhttp[39m - [35mGET /api/test 200 - - 18.413 ms[39m
[35m[39m
2022-01-21 12:34:56:3456 - [32minfo[39m - [32mDB Conectado[39m
2022-01-21 12:34:56:3456 - [32minfo[39m - [32mServer is running on: http://localhost:8000/[39m
2022-01-21 12:39:17:3917 - [32minfo[39m - [32mDB Conectado[39m
2022-01-21 12:39:17:3917 - [32minfo[39m - [32mServer is running on: http://localhost:8000/[39m
2022-01-21 12:39:22:3922 - [32minfo[39m - [32mTeste OK[39m
2022-01-21 12:39:23:3923 - [35mhttp[39m - [35mGET /api/test 200 - - 14.549 ms[39m
[35m[39m
2022-01-21 12:40:34:4034 - [35mhttp[39m - [35mPOST /api/movie 200 - - 2.719 ms[39m
[35m[39m
2022-01-21 12:42:02:422 - [32minfo[39m - [32mDB Conectado[39m
2022-01-21 12:42:02:422 - [32minfo[39m - [32mServer is running on: http://localhost:8000/[39m
2022-01-21 12:44:14:4414 - [32minfo[39m - [32mDB Conectado[39m
2022-01-21 12:44:14:4414 - [32minfo[39m - [32mServer is running on: http://localhost:8000/[39m
2022-01-21 12:44:17:4417 - [32minfo[39m - [32mTeste OK[39m
2022-01-21 12:44:17:4417 - [35mhttp[39m - [35mGET /api/test2 200 - - 14.902 ms[39m
[35m[39m
2022-01-21 12:44:27:4427 - [32minfo[39m - [32mTeste OK[39m
2022-01-21 12:44:27:4427 - [35mhttp[39m - [35mGET /api/test 200 - - 2.232 ms[39m
[35m[39m
2022-01-21 12:44:30:4430 - [35mhttp[39m - [35mPOST /api/movie 200 - - 2.520 ms[39m
[35m[39m
2022-01-21 12:45:11:4511 - [32minfo[39m - [32mDB Conectado[39m
2022-01-21 12:45:11:4511 - [32minfo[39m - [32mServer is running on: http://localhost:8000/[39m
