2022-01-21 11:48:37:4837 - [32minfo[39m - [32mServer is running on: http://localhost:8000/[39m
2022-01-21 11:50:38:5038 - [32minfo[39m - [32mDB Conectado[39m
2022-01-21 11:50:38:5038 - [32minfo[39m - [32mServer is running on: http://localhost:8000/[39m
2022-01-21 11:51:41:5141 - [32minfo[39m - [32mDB Conectado[39m
2022-01-21 11:51:41:5141 - [32minfo[39m - [32mServer is running on: http://localhost:8000/[39m
2022-01-21 12:09:37:937 - [32minfo[39m - [32mDB Conectado[39m
2022-01-21 12:09:37:937 - [32minfo[39m - [32mServer is running on: http://localhost:8000/[39m
2022-01-21 12:10:22:1022 - [32minfo[39m - [32mDB Conectado[39m
2022-01-21 12:10:22:1022 - [32minfo[39m - [32mServer is running on: http://localhost:8000/[39m
2022-01-21 12:14:22:1422 - [35mhttp[39m - [35mGET /api/test 200 - - 15.161 ms[39m
[35m[39m
2022-01-21 12:15:34:1534 - [32minfo[39m - [32mDB Conectado[39m
2022-01-21 12:15:34:1534 - [32minfo[39m - [32mServer is running on: http://localhost:8000/[39m
2022-01-21 12:15:37:1537 - [32minfo[39m - [32mTeste OK[39m
2022-01-21 12:15:37:1537 - [35mhttp[39m - [35mGET /api/test 200 - - 18.413 ms[39m
[35m[39m
2022-01-21 12:34:56:3456 - [32minfo[39m - [32mDB Conectado[39m
2022-01-21 12:34:56:3456 - [32minfo[39m - [32mServer is running on: http://localhost:8000/[39m
2022-01-21 12:39:17:3917 - [32minfo[39m - [32mDB Conectado[39m
2022-01-21 12:39:17:3917 - [32minfo[39m - [32mServer is running on: http://localhost:8000/[39m
2022-01-21 12:39:22:3922 - [32minfo[39m - [32mTeste OK[39m
2022-01-21 12:39:23:3923 - [35mhttp[39m - [35mGET /api/test 200 - - 14.549 ms[39m
[35m[39m
2022-01-21 12:40:34:4034 - [35mhttp[39m - [35mPOST /api/movie 200 - - 2.719 ms[39m
[35m[39m
2022-01-21 12:42:02:422 - [32minfo[39m - [32mDB Conectado[39m
2022-01-21 12:42:02:422 - [32minfo[39m - [32mServer is running on: http://localhost:8000/[39m
2022-01-21 12:44:14:4414 - [32minfo[39m - [32mDB Conectado[39m
2022-01-21 12:44:14:4414 - [32minfo[39m - [32mServer is running on: http://localhost:8000/[39m
2022-01-21 12:44:17:4417 - [32minfo[39m - [32mTeste OK[39m
2022-01-21 12:44:17:4417 - [35mhttp[39m - [35mGET /api/test2 200 - - 14.902 ms[39m
[35m[39m
2022-01-21 12:44:27:4427 - [32minfo[39m - [32mTeste OK[39m
2022-01-21 12:44:27:4427 - [35mhttp[39m - [35mGET /api/test 200 - - 2.232 ms[39m
[35m[39m
2022-01-21 12:44:30:4430 - [35mhttp[39m - [35mPOST /api/movie 200 - - 2.520 ms[39m
[35m[39m
2022-01-21 12:45:11:4511 - [32minfo[39m - [32mDB Conectado[39m
2022-01-21 12:45:11:4511 - [32minfo[39m - [32mServer is running on: http://localhost:8000/[39m
2022-01-21 12:48:55:4855 - [32minfo[39m - [32mDB Conectado[39m
2022-01-21 12:48:55:4855 - [32minfo[39m - [32mServer is running on: http://localhost:8000/[39m
2022-01-21 12:52:39:5239 - [32minfo[39m - [32mDB Conectado[39m
2022-01-21 12:52:39:5239 - [32minfo[39m - [32mServer is running on: http://localhost:8000/[39m
2022-01-21 12:54:04:544 - [32minfo[39m - [32mDB Conectado[39m
2022-01-21 12:54:04:544 - [32minfo[39m - [32mServer is running on: http://localhost:8000/[39m
2022-01-21 12:54:29:5429 - [32minfo[39m - [32mDB Conectado[39m
2022-01-21 12:54:29:5429 - [32minfo[39m - [32mServer is running on: http://localhost:8000/[39m
2022-01-21 12:54:44:5444 - [32minfo[39m - [32mDB Conectado[39m
2022-01-21 12:54:44:5444 - [32minfo[39m - [32mServer is running on: http://localhost:8000/[39m
2022-01-21 12:55:06:556 - [32minfo[39m - [32mDB Conectado[39m
2022-01-21 12:55:06:556 - [32minfo[39m - [32mServer is running on: http://localhost:8000/[39m
2022-01-21 12:56:27:5627 - [32minfo[39m - [32mDB Conectado[39m
2022-01-21 12:56:27:5627 - [32minfo[39m - [32mServer is running on: http://localhost:8000/[39m
2022-01-21 12:56:57:5657 - [32minfo[39m - [32mDB Conectado[39m
2022-01-21 12:56:57:5657 - [32minfo[39m - [32mServer is running on: http://localhost:8000/[39m
2022-01-21 14:10:24:1024 - [32minfo[39m - [32mDB Conectado[39m
2022-01-21 14:10:24:1024 - [32minfo[39m - [32mServer is running on: http://localhost:8000/[39m
2022-01-21 14:18:40:1840 - [32minfo[39m - [32mDB Conectado[39m
2022-01-21 14:18:40:1840 - [32minfo[39m - [32mServer is running on: http://localhost:8000/[39m
2022-01-21 14:20:25:2025 - [32minfo[39m - [32mDB Conectado[39m
2022-01-21 14:20:25:2025 - [32minfo[39m - [32mServer is running on: http://localhost:8000/[39m
2022-01-21 14:21:00:210 - [32minfo[39m - [32mDB Conectado[39m
2022-01-21 14:21:00:210 - [32minfo[39m - [32mServer is running on: http://localhost:8000/[39m
2022-01-21 14:24:23:2423 - [32minfo[39m - [32mDB Conectado[39m
2022-01-21 14:24:23:2423 - [32minfo[39m - [32mServer is running on: http://localhost:8000/[39m
2022-01-21 14:59:41:5941 - [32minfo[39m - [32mDB Conectado[39m
2022-01-21 14:59:41:5941 - [32minfo[39m - [32mServer is running on: http://localhost:8000/[39m
2022-01-21 15:00:16:016 - [35mhttp[39m - [35mPOST /api/movie - - - - ms[39m
[35m[39m
2022-01-21 15:01:06:16 - [32minfo[39m - [32mDB Conectado[39m
2022-01-21 15:01:06:16 - [32minfo[39m - [32mServer is running on: http://localhost:8000/[39m
2022-01-21 15:01:21:121 - [35mhttp[39m - [35mPOST /api/movie - - - - ms[39m
[35m[39m
2022-01-21 15:03:52:352 - [32minfo[39m - [32mDB Conectado[39m
2022-01-21 15:03:52:352 - [32minfo[39m - [32mServer is running on: http://localhost:8000/[39m
2022-01-21 15:03:57:357 - [35mhttp[39m - [35mPOST /api/movie 422 - - 271.288 ms[39m
[35m[39m
2022-01-21 15:05:16:516 - [35mhttp[39m - [35mPOST /api/movie 200 - - 398.902 ms[39m
[35m[39m
2022-01-21 15:17:06:176 - [35mhttp[39m - [35mPOST /api/movie 200 - - 176.460 ms[39m
[35m[39m
2022-01-21 15:23:56:2356 - [32minfo[39m - [32mDB Conectado[39m
2022-01-21 15:23:56:2356 - [32minfo[39m - [32mServer is running on: http://localhost:8000/[39m
2022-01-21 15:24:28:2428 - [32minfo[39m - [32mDB Conectado[39m
2022-01-21 15:24:28:2428 - [32minfo[39m - [32mServer is running on: http://localhost:8000/[39m
2022-01-21 15:25:49:2549 - [32minfo[39m - [32mDB Conectado[39m
2022-01-21 15:25:49:2549 - [32minfo[39m - [32mServer is running on: http://localhost:8000/[39m
2022-01-21 15:25:52:2552 - [35mhttp[39m - [35mGET /api/movie/61eaf8a2e462471becb4ae47 200 - - 245.453 ms[39m
[35m[39m
